yarn run v1.22.19
$ yarn --cwd packages/bundler bundler --network http://fun-alchemy-fork-eb-2-dev.us-west-2.elasticbeanstalk.com --entryPoint 0x2Dd78Fd9B8F40659Af32eF98555B8b31bC97A351 --port 3000 --unsafe
$ ts-node ./src/exec.ts --config ./localconfig/bundler.config.json --network http://fun-alchemy-fork-eb-2-dev.us-west-2.elasticbeanstalk.com --entryPoint 0x2Dd78Fd9B8F40659Af32eF98555B8b31bC97A351 --port 3000 --unsafe
command-line arguments:  {
  config: './localconfig/bundler.config.json',
  auto: false,
  network: 'http://fun-alchemy-fork-eb-2-dev.us-west-2.elasticbeanstalk.com',
  entryPoint: '0x2Dd78Fd9B8F40659Af32eF98555B8b31bC97A351',
  port: '3000',
  unsafe: true
}
Merged configuration: {"port":"3000","entryPoint":"0x2Dd78Fd9B8F40659Af32eF98555B8b31bC97A351","unsafe":true,"conditionalRpc":false,"gasFactor":"1","network":"http://fun-alchemy-fork-eb-2-dev.us-west-2.elasticbeanstalk.com","beneficiary":"0x9d93062e692E51884fEbfCE8Fa49e323563c7218","minBalance":"1","mnemonic":"./localconfig/mnemonic.txt","maxBundleGas":5000000,"minStake":"1","minUnstakeDelay":0,"autoBundleInterval":1,"autoBundleMempoolSize":10}
Error: listen EADDRINUSE: address already in use :::3000
    at Server.setupListenHandle [as _listen2] (node:net:1463:16)
    at listenInCluster (node:net:1511:12)
    at Server.listen (node:net:1599:7)
    at Function.listen (/Users/pandaxu/Documents/GitHub/bundler/node_modules/express/lib/application.js:635:24)
    at new BundlerServer (/Users/pandaxu/Documents/GitHub/bundler/packages/bundler/src/BundlerServer.ts:45:32)
    at runBundler (/Users/pandaxu/Documents/GitHub/bundler/packages/bundler/src/runBundler.ts:136:25)
    at processTicksAndRejections (node:internal/process/task_queues:96:5) {
  code: 'EADDRINUSE',
  errno: -48,
  syscall: 'listen',
  address: '::',
  port: 3000
}
error Command failed with exit code 1.
info Visit https://yarnpkg.com/en/docs/cli/run for documentation about this command.
error Command failed with exit code 1.
info Visit https://yarnpkg.com/en/docs/cli/run for documentation about this command.
